Update: Sat Dec  6 10:39:50 UTC 2025
Update: Sat Dec  6 10:40:01 UTC 2025
Update: Sat Dec  6 10:44:35 UTC 2025
Update: Sat Dec  6 10:44:46 UTC 2025
Update: Sat Dec  6 10:44:58 UTC 2025
Update: Sat Dec  6 12:27:20 UTC 2025
Update: Sat Dec  6 16:16:28 UTC 2025
Update: Sat Dec  6 20:15:22 UTC 2025
Update: Sun Dec  7 01:16:57 UTC 2025
Update: Sun Dec  7 04:28:57 UTC 2025
Update: Sun Dec  7 08:17:58 UTC 2025
Update: Sun Dec  7 12:26:57 UTC 2025
Update: Sun Dec  7 16:16:05 UTC 2025
Update: Sun Dec  7 20:15:16 UTC 2025
Update: Mon Dec  8 01:10:35 UTC 2025
Update: Mon Dec  8 04:29:14 UTC 2025
Update: Mon Dec  8 08:23:54 UTC 2025
Update: Mon Dec  8 12:31:21 UTC 2025
Update: Mon Dec  8 16:20:30 UTC 2025
Update: Mon Dec  8 20:17:54 UTC 2025
Update: Tue Dec  9 01:10:12 UTC 2025
Update: Tue Dec  9 04:23:59 UTC 2025
Update: Tue Dec  9 08:22:22 UTC 2025
Update: Tue Dec  9 12:31:49 UTC 2025
Update: Tue Dec  9 16:20:50 UTC 2025
Update: Tue Dec  9 20:15:43 UTC 2025
Update: Wed Dec 10 01:11:55 UTC 2025
Update: Wed Dec 10 04:28:59 UTC 2025
Update: Wed Dec 10 08:21:45 UTC 2025
Update: Wed Dec 10 12:32:15 UTC 2025
Update: Wed Dec 10 16:21:40 UTC 2025
Update: Wed Dec 10 20:17:50 UTC 2025
Update: Thu Dec 11 01:12:49 UTC 2025
Update: Thu Dec 11 04:31:04 UTC 2025
Update: Thu Dec 11 08:22:45 UTC 2025
Update: Thu Dec 11 12:33:13 UTC 2025
Update: Thu Dec 11 16:22:33 UTC 2025
